     84002      84003
     84003      84002
     84006      84026
     84007      84025
     84008      84024
     84009      84023
     84010      84022
     84011      84021
     84012      84020
     84013      84019
     84014      84018
     84015      84017
     84017      84015
     84018      84014
     84019      84013
     84020      84012
     84021      84011
     84022      84010
     84023      84006
     84024      84029
     84025      84028
     84026      84027
     84027      84009
     84028      84008
     84029      84007
     84030      84043
     84031      84042
     84032      84041
     84033      84040
     84034      84036
     84036      84034
     84037      84033
     84038      84032
     84039      84031
     84040      84030
     84041      84046
     84042      84045
     84043      84044
     84044      84039
     84045      84038
     84046      84037
     84047      84048
     84048      84047
     84050      84051
     84051      84050
     84052      84053
     84053      84052
     84059      84060
     84060      84059
     84061      84062
     84062      84061
     84063      84066
     84064      84065
     84065      84064
     84066      84063
     84067      84069
     84069      84067
     84070      84086
     84071      84085
     84072      84084
     84073      84083
     84074      84082
     84075      84081
     84076      84080
     84077      84079
     84078      84074
     84079      84073
     84080      84072
     84081      84071
     84082      84070
     84083      84087
     84084      84078
     84085      84077
     84086      84076
     84087      84075
     84098      84111
     84099      84110
     84100      84109
     84101      84108
     84102      84107
     84103      84106
     84104      84101
     84105      84100
     84106      84099
     84107      84098
     84108      84112
     84109      84105
     84110      84104
     84111      84103
     84112      84102
     84115      84116
     84116      84115
     84117      84118
     84118      84117
     84119      84120
     84120      84119
     84121      84122
     84122      84121
     84126      84128
     84128      84126
     84132      84133
     84133      84132
     84160      84163
     84161      84162
     84162      84161
     84163      84160
