     81001      81057
     81002      81056
     81003      81055
     81004      81054
     81005      81053
     81006      81052
     81007      81051
     81008      81050
     81009      81049
     81010      81048
     81011      81047
     81012      81046
     81013      81045
     81014      81044
     81015      81043
     81016      81042
     81017      81041
     81018      81040
     81019      81001
     81020      81002
     81021      81003
     81022      81004
     81023      81039
     81024      81005
     81025      81006
     81026      81038
     81027      81007
     81028      81037
     81029      81008
     81030      81036
     81031      81009
     81032      81035
     81033      81010
     81034      81011
     81035      81012
     81036      81032
     81037      81033
     81038      81034
     81039      81013
     81040      81014
     81041      81015
     81042      81016
     81043      81017
     81044      81018
     81045      81028
     81046      81029
     81047      81030
     81048      81031
     81049      81019
     81050      81020
     81051      81021
     81052      81022
     81053      81023
     81054      81024
     81055      81025
     81056      81026
     81057      81027
     81701      81745
     81702      81746
     81703      81744
     81704      81747
     81705      81743
     81706      81748
     81707      81742
     81708      81749
     81709      81741
     81710      81750
     81711      81740
     81712      81739
     81713      81751
     81714      81752
     81715      81738
     81716      81753
     81717      81737
     81718      81754
     81719      81736
     81720      81755
     81721      81756
     81722      81735
     81723      81757
     81724      81758
     81725      81734
     81726      81759
     81727      81733
     81728      81760
     81729      81732
     81730      81761
     81731      81762
     81732      81763
     81733      81764
     81734      81731
     81735      81765
     81736      81730
     81737      81766
     81738      81767
     81739      81768
     81740      81769
     81741      81770
     81742      81729
     81743      81728
     81744      81771
     81745      81772
     81746      81773
     81747      81727
     81748      81774
     81749      81726
     81750      81725
     81751      81775
     81752      81724
     81753      81776
     81754      81723
     81755      81722
     81756      81721
     81757      81720
     81758      81719
     81759      81718
     81760      81777
     81761      81717
     81762      81778
     81763      81716
     81764      81779
     81765      81715
     81766      81714
     81767      81713
     81768      81780
     81769      81712
     81770      81781
     81771      81711
     81772      81710
     81773      81782
     81774      81709
     81775      81783
     81776      81708
     81777      81784
     81778      81707
     81779      81785
     81780      81786
     81781      81706
     81782      81787
     81783      81705
     81784      81788
     81785      81789
     81786      81790
     81787      81704
     81788      81791
     81789      81703
     81790      81792
     81791      81702
     81792      81793
     81793      81701
