 -122.699700    37.800000    4402601
 -122.690000    37.750000    4402602
 -122.821400    37.745000    4402603
 -148.000000    56.000000    4600101
 -148.300000    56.300000    4600102
 -130.000000    42.500000    4600201
 -130.330000    42.500000    4600202
 -156.000000    52.000000    4600301
 -155.700000    51.850000    4600302
 -135.870000    50.940000    4600401
 -131.000000    46.000000    4600501
 -137.700000    40.700000    4600601
 -137.600000    40.800000    4600602
 -120.899700    34.894200    4601101
 -120.872800    52.622800    4601102
 -122.649700    37.369700    4601201
 -122.881400    37.360600    4601202
 -123.300000    38.199700    4601301
 -124.000000    39.199700    4601401
 -124.841700    42.733300    4601501
 -124.829200    42.756700    4601502
 -124.500000    40.800000    4602201
 -124.500000    40.750000    4602202
 -120.699700    34.300000    4602301
 -120.665600    34.250000    4602302
 -120.966700    34.713900    4602303
 -119.166700    32.833300    4602401
 -119.500000    32.800000    4602402
 -119.000000    33.600000    4602501
 -124.399700    41.800000    4602701
 -121.699700    35.800000    4602801
 -121.899700    35.800000    4602802
 -121.875300    35.738100    4602803
 -124.199700    46.199700    4602901
 -124.250800    46.250000    4602902
 -177.699700    57.000000    4603501
 -177.733300    57.961700    4603502
 -177.810600    57.910600    4603503
 -133.899700    48.300000    4603601
 -124.399700    41.899700    4603801
 -124.300000    44.800000    4604001
 -124.500000    47.399700    4604101
 -124.750000    47.333300    4604102
 -122.199700    36.800000    4604201
 -122.399700    36.800000    4604202
 -119.589200    32.686400    4604701
 -117.874400    32.897200    4604801
 -124.512800    44.612200    4605001
 -120.687200    34.476100    4605101
 -119.846100    34.235300    4605301
 -119.879000    34.262000    4605302
 -120.448300    34.268900    4605401
 -129.996900    34.983300    4605901
 -129.000300    34.032500    4605902
 -146.830600    60.218100    4606101
 -120.664700    34.250800    4606301
 -155.000000    52.666700    4606601
 -155.998600    52.696900    4606602
 -155.785000    52.785000    4606603
 -120.200000    33.650000    4606901
 -175.283900    55.003100    4607001
 -179.001700    51.170000    4607101
 -172.066700    52.030600    4607201
 -172.156900    52.626700    4607202
 -172.162000    51.663000    4607203
 -172.028900    54.941700    4607301
 -172.980600    54.011100    4607302
 -160.806400    53.925600    4607501
 -147.999700    59.499400    4607601
 -154.254200    57.920000    4607701
 -152.450800    56.053600    4607801
 -152.640000    56.990000    4607802
 -150.008900    58.001700    4608001
 -143.666700    59.614200    4608201
 -137.998900    58.251100    4608301
 -137.993300    58.248600    4608302
 -136.162200    56.593100    4608401
 -142.558600    55.854700    4608501
 -118.000000    32.500000    4608601
 -124.727200    48.493600    4608701
 -125.750000    45.900000    4608901
 -124.303000    44.633000    4609401
 -122.342000    36.710000    4611401
 -124.990000    49.910000    4613101
 -127.920000    49.730000    4613201
 -123.480000    48.660000    4613401
 -129.790000    52.440000    4613801
 -126.010000    48.840000    4613901
 -132.430000    54.380000    4614501
 -123.730000    49.340000    4614601
 -131.200000    51.820000    4614701
 -128.840000    53.820000    4618101
 -123.290000    49.480000    4618201
 -131.140000    53.570000    4618301
 -138.760000    53.960000    4618401
 -129.800000    52.420000    4618501
 -128.740000    51.380000    4620401
 -133.400000    54.300000    4620501
 -134.330000    54.170000    4620502
 -126.000000    48.830000    4620601
 -129.910000    50.860000    4620701
 -132.700000    52.515000    4620801
 -124.243900    46.858100    4621101
 -124.740300    40.293900    4621301
 -123.469200    37.946400    4621401
 -120.859300    35.203800    4621501
 -119.803400    34.333400    4621601
 -119.434600    34.166900    4621701
 -120.782300    34.458000    4621801
 -119.881500    33.220700    4621901
 -118.632600    33.854600    4622101
 -118.316800    33.617800    4622201
 -117.767100    33.458100    4622301
 -117.471400    33.179400    4622401
 -117.391900    32.930400    4622501
 -117.353300    32.848000    4622601
 -117.444400    32.632100    4622701
 -124.548100    43.769400    4622901
 -117.370000    32.746700    4623101
 -117.431200    32.530200    4623201
 -121.946600    36.760800    4623601
 -122.634200    37.786200    4623701
 -119.489800    33.499200    4623801
 -122.101700    36.341500    4623901
 -121.907100    36.626300    4624001
 -117.439100    33.220300    4624201
 -124.128600    46.214600    4624301
 -124.356000    40.888400    4624401
 -145.243400    49.903600    4624601
 -122.833100    37.752600    4624701
 -124.645500    46.132800    4624801
 -119.708300    33.821300    4624901
 -117.391700    33.188300    4900401
 -122.003300    36.953300    4900601
 -121.886700    36.600000    4901001
 -124.225000    40.875000    4901201
 -117.265000    32.756700    4901401
 -122.500000    37.633300    4902301
 -157.586700    21.315000    4903401
 -124.440000    43.123300    4903501
 -124.513300    43.113300    4903701
 -159.833300    22.006700    4903901
 -122.418300    36.948300    4904401
 -122.873300    37.505000    4904701
 -117.278300    32.956700    4905101
 -117.136700    32.583300    4905501
 -122.420000    37.815000    4905601
 -121.815000    36.700000    4906101
 -122.518300    37.546700    4906201
 -120.675000    34.468300    4906301
 -119.733300    33.916700    4908001
 -117.273400    32.928600    4910101
 -119.000000    33.979200    4910201
 -119.663300    33.380000    4913801
 -117.169100    32.569500    4915501
 -158.148300    21.330000    4915901
 -154.000000    23.500000    5100001
 -162.300000    23.399700    5100101
 -162.207800    23.431900    5100102
 -157.800000    17.199700    5100201
 -160.800000    19.199700    5100301
 -160.788300    19.258600    5100302
 -160.729700    19.171400    5100303
 -152.500000    17.500000    5100401
 -153.876400     0.000000    5102801
 -162.278600    23.445000    5110101
 -162.058300    23.320800    5110102
 -158.117100    21.670500    5120101
 -157.678800    21.414200    5120201
 -157.009800    20.787800    5120301
 -158.123700    21.281400    5120401
 -156.425000    21.018000    5120501
 -154.968000    19.781400    5120601
 -157.752600    21.477500    5120701
 -144.500000    13.199700    5200901
 -144.711700    13.723300    5200902
 -144.788300    13.354200    5220001
 -171.393400     7.089300    5220101
 -144.811600    13.682800    5220201
