  200.333333    22.416667      83301
  200.416667    22.416667      83302
  200.500000    22.416667      83303
  200.583333    22.416667      83304
  200.666667    22.416667      83305
  200.750000    22.333333      83306
  200.833333    22.250000      83307
  200.833333    22.166667      83308
  200.833333    22.083333      83309
  200.833333    22.000000      83310
  200.833333    21.916667      83311
  200.750000    21.833333      83312
  200.666667    21.750000      83313
  200.583333    21.750000      83314
  200.500000    21.750000      83315
  200.416667    21.750000      83316
  200.333333    21.750000      83317
  200.250000    21.833333      83318
  200.166667    21.833333      83319
  200.083333    21.833333      83320
  200.083333    21.916667      83321
  200.083333    22.000000      83322
  200.083333    22.083333      83323
  200.083333    22.166667      83324
  200.000000    22.166667      83325
  199.916667    22.166667      83326
  199.833333    22.166667      83327
  199.750000    22.083333      83328
  199.666667    22.000000      83329
  199.583333    21.916667      83330
  199.583333    21.833333      83331
  199.583333    21.750000      83332
  199.666667    21.666667      83333
  199.750000    21.666667      83334
  199.833333    21.666667      83335
  199.916667    21.666667      83336
  200.000000    21.750000      83337
  200.166667    22.250000      83338
  200.250000    22.333333      83339
  201.833333    21.833333      83340
  201.916667    21.833333      83341
  202.000000    21.833333      83342
  202.083333    21.833333      83343
  202.166667    21.833333      83344
  202.250000    21.750000      83345
  202.250000    21.666667      83346
  202.333333    21.583333      83347
  202.416667    21.500000      83348
  202.500000    21.416667      83349
  202.500000    21.333333      83350
  202.500000    21.250000      83351
  202.416667    21.166667      83352
  202.333333    21.083333      83353
  202.250000    21.083333      83354
  202.166667    21.083333      83355
  202.083333    21.083333      83356
  202.000000    21.166667      83357
  201.916667    21.166667      83358
  201.833333    21.166667      83359
  201.750000    21.250000      83360
  201.666667    21.333333      83361
  201.583333    21.416667      83362
  201.583333    21.500000      83363
  201.583333    21.583333      83364
  201.583333    21.666667      83365
  201.666667    21.750000      83366
  201.750000    21.750000      83367
  202.666667    21.333333      83368
  202.750000    21.333333      83369
  202.833333    21.333333      83370
  202.916667    21.333333      83371
  203.000000    21.333333      83372
  203.083333    21.333333      83373
  203.166667    21.333333      83374
  203.250000    21.333333      83375
  203.333333    21.333333      83376
  203.416667    21.250000      83377
  203.416667    21.166667      83378
  203.500000    21.166667      83379
  203.583333    21.083333      83380
  203.666667    21.083333      83381
  203.750000    21.083333      83382
  203.833333    21.083333      83383
  203.916667    21.000000      83384
  204.000000    21.000000      83385
  204.083333    20.916667      83386
  204.166667    20.833333      83387
  204.166667    20.750000      83388
  204.166667    20.666667      83389
  204.166667    20.583333      83390
  204.083333    20.500000      83391
  204.000000    20.500000      83392
  203.916667    20.500000      83393
  203.833333    20.416667      83394
  203.750000    20.416667      83395
  203.666667    20.416667      83396
  203.583333    20.416667      83397
  203.500000    20.333333      83398
  203.416667    20.333333      83399
  203.333333    20.333333      83400
  203.250000    20.333333      83401
  203.166667    20.416667      83402
  203.166667    20.500000      83403
  203.166667    20.583333      83404
  203.083333    20.583333      83405
  203.000000    20.583333      83406
  202.916667    20.583333      83407
  202.833333    20.666667      83408
  202.833333    20.750000      83409
  202.833333    20.833333      83410
  202.833333    20.916667      83411
  202.750000    20.916667      83412
  202.666667    20.916667      83413
  202.583333    21.000000      83414
  202.583333    21.083333      83415
  202.583333    21.166667      83416
  202.583333    21.250000      83417
  204.000000    20.416667      83418
  204.083333    20.416667      83419
  204.166667    20.416667      83420
  204.250000    20.416667      83421
  204.333333    20.416667      83422
  204.416667    20.333333      83423
  204.500000    20.333333      83424
  204.583333    20.250000      83425
  204.666667    20.250000      83426
  204.750000    20.166667      83427
  204.833333    20.166667      83428
  204.916667    20.083333      83429
  205.000000    20.000000      83430
  205.083333    19.916667      83431
  205.166667    19.833333      83432
  205.166667    19.750000      83433
  205.250000    19.666667      83434
  205.333333    19.583333      83435
  205.333333    19.500000      83436
  205.333333    19.416667      83437
  205.250000    19.333333      83438
  205.166667    19.250000      83439
  205.083333    19.166667      83440
  205.000000    19.166667      83441
  204.916667    19.083333      83442
  204.833333    19.083333      83443
  204.750000    19.083333      83444
  204.666667    19.000000      83445
  204.583333    19.000000      83446
  204.583333    18.916667      83447
  204.500000    18.833333      83448
  204.416667    18.750000      83449
  204.333333    18.750000      83450
  204.250000    18.750000      83451
  204.166667    18.833333      83452
  204.083333    18.833333      83453
  204.000000    18.916667      83454
  203.916667    19.000000      83455
  203.916667    19.083333      83456
  203.916667    19.166667      83457
  203.916667    19.250000      83458
  203.916667    19.333333      83459
  203.916667    19.416667      83460
  203.833333    19.500000      83461
  203.833333    19.583333      83462
  203.750000    19.666667      83463
  203.750000    19.750000      83464
  203.750000    19.833333      83465
  203.833333    19.916667      83466
  203.916667    20.000000      83467
  203.916667    20.083333      83468
  203.916667    20.166667      83469
  203.916667    20.250000      83470
  203.916667    20.333333      83471
 -154.9680    19.7814    5120601
 -157.0098    20.7878    5120301
 -156.4250    21.0180    5120501
 -158.1237    21.2814    5120401
 -157.6788    21.4142    5120201
 -157.7526    21.4775    5120701
 -158.1171    21.6705    5120101
 -157.5867    21.3150    4903401
 -159.8333    22.0067    4903901
 -158.1483    21.3300    4915901
