 -154.500000    56.000000      81001
 -154.000000    56.000000      81002
 -153.500000    56.000000      81003
 -153.000000    56.000000      81004
 -152.500000    56.500000      81005
 -152.000000    56.500000      81006
 -151.500000    57.000000      81007
 -151.500000    57.500000      81008
 -151.500000    58.000000      81009
 -151.000000    58.500000      81010
 -150.500000    58.500000      81011
 -150.000000    58.500000      81012
 -149.500000    59.000000      81013
 -149.000000    59.000000      81014
 -148.500000    59.000000      81015
 -148.000000    59.000000      81016
 -147.500000    59.000000      81017
 -147.000000    59.000000      81018
 -146.500000    59.500000      81019
 -146.000000    59.500000      81020
 -145.500000    59.500000      81021
 -145.000000    59.500000      81022
 -144.500000    59.500000      81023
 -144.000000    59.500000      81024
 -143.500000    59.500000      81025
 -143.000000    59.500000      81026
 -142.500000    59.500000      81027
 -142.000000    59.000000      81028
 -141.500000    59.000000      81029
 -141.000000    59.000000      81030
 -140.500000    59.000000      81031
 -140.000000    58.500000      81032
 -139.500000    58.500000      81033
 -139.000000    58.500000      81034
 -138.500000    58.000000      81035
 -138.000000    57.500000      81036
 -137.500000    57.000000      81037
 -137.000000    56.500000      81038
 -136.500000    56.000000      81039
 -136.000000    55.500000      81040
 -135.500000    55.000000      81041
 -135.000000    54.500000      81042
 -134.500000    54.000000      81043
 -134.000000    53.500000      81044
 -133.500000    53.000000      81045
 -133.000000    52.500000      81046
 -132.500000    52.000000      81047
 -132.000000    51.500000      81048
 -131.500000    51.000000      81049
 -131.000000    50.500000      81050
 -130.500000    50.000000      81051
 -130.500000    49.500000      81052
 -130.500000    49.000000      81053
 -130.500000    48.500000      81054
 -130.500000    48.000000      81055
 -130.500000    47.500000      81056
 -130.500000    47.000000      81057
 -130.500000    46.500000      81058
 -130.500000    46.000000      81059
 -130.500000    45.500000      81060
 -130.500000    45.000000      81061
 -130.500000    44.500000      81062
 -130.500000    44.000000      81063
 -130.500000    43.500000      81064
 -130.500000    43.000000      81065
 -130.500000    42.500000      81066
 -130.500000    42.000000      81067
 -130.500000    41.500000      81068
 -130.500000    41.000000      81069
 -130.500000    40.500000      81070
 -130.500000    40.000000      81071
 -130.500000    39.500000      81072
 -130.500000    39.000000      81073
 -128.500000    38.500000      81074
 -128.500000    38.000000      81075
 -128.500000    37.500000      81076
 -128.500000    37.000000      81077
 -126.500000    36.500000      81078
 -126.500000    36.000000      81079
 -126.500000    35.500000      81080
 -126.500000    35.000000      81081
 -124.500000    34.500000      81082
 -124.500000    34.000000      81083
 -124.500000    33.500000      81084
 -157.000000    17.000000      81301
 -162.000000    20.500000      81302
 -162.000000    22.000000      81303
 -166.000000    23.000000      81304
 -174.000000    25.000000      81305
 -178.000000    26.000000      81306
 -179.000000    29.000000      81307
 -174.000000    28.000000      81308
 -166.000000    25.000000      81309
 -162.000000    24.000000      81310
 -157.000000    24.000000      81311
 -152.500000    20.500000      81312
  146.500000    15.500000      81401
  146.500000    15.000000      81402
  146.500000    14.500000      81403
  146.500000    14.000000      81404
  146.000000    14.000000      81405
  146.000000    13.500000      81406
  145.500000    13.500000      81407
  145.500000    13.000000      81408
  145.500000    12.500000      81409
  145.000000    12.500000      81410
  144.500000    12.500000      81411
  144.000000    12.500000      81412
  144.000000    13.000000      81413
  144.000000    13.500000      81414
  144.000000    14.000000      81415
  144.500000    14.000000      81416
  144.500000    14.500000      81417
  144.500000    15.000000      81418
  145.000000    15.000000      81419
  145.000000    15.500000      81420
  143.000000    16.000000      81421
  144.000000    16.000000      81422
  145.000000    16.000000      81423
  146.000000    16.000000      81424
  147.000000    16.000000      81425
  147.000000    15.000000      81426
  147.000000    14.000000      81427
  147.000000    13.000000      81428
  147.000000    12.000000      81429
  146.000000    12.000000      81430
  145.000000    12.000000      81431
  144.000000    12.000000      81432
  143.000000    12.000000      81433
  143.000000    13.000000      81434
  143.000000    14.000000      81435
  143.000000    15.000000      81436
 -168.500000   -13.500000      81501
 -168.500000   -14.000000      81502
 -168.500000   -14.500000      81503
 -168.500000   -15.000000      81504
 -169.000000   -15.000000      81505
 -169.500000   -15.000000      81506
 -170.000000   -15.000000      81507
 -170.500000   -15.000000      81508
 -171.000000   -15.000000      81509
 -171.500000   -15.000000      81510
 -171.500000   -14.500000      81511
 -171.500000   -13.500000      81512
 -171.000000   -13.500000      81513
 -170.500000   -13.500000      81514
 -170.000000   -13.500000      81515
 -169.500000   -13.500000      81516
 -169.000000   -13.500000      81517
 -174.000000   -12.000000      81518
 -173.000000   -12.000000      81519
 -172.000000   -12.000000      81520
 -171.000000   -12.000000      81521
 -170.000000   -12.000000      81522
 -169.000000   -12.000000      81523
 -168.000000   -12.000000      81524
 -168.000000   -13.000000      81525
 -168.000000   -14.000000      81526
 -168.000000   -15.000000      81527
 -168.000000   -16.000000      81528
 -169.000000   -16.000000      81529
 -170.000000   -16.000000      81530
 -171.000000   -16.000000      81531
 -172.000000   -16.000000      81532
 -173.000000   -16.000000      81533
 -174.000000   -16.000000      81534
 -174.000000   -15.000000      81535
 -174.000000   -14.000000      81536
 -174.000000   -13.000000      81537
 -170.000000   -14.500000      81538
 -170.000000   -14.000000      81539
  164.000000    14.000000      81601
  165.000000    14.000000      81602
  166.000000    14.000000      81603
  167.000000    14.000000      81604
  168.000000    14.000000      81605
  169.000000    14.000000      81606
  170.000000    14.000000      81607
  171.000000    14.000000      81608
  172.000000    14.000000      81609
  173.000000    14.000000      81610
  174.000000    14.000000      81611
  174.000000    13.000000      81612
  174.000000    12.000000      81613
  174.000000    11.000000      81614
  174.000000    10.000000      81615
  174.000000     9.000000      81616
  174.000000     8.000000      81617
  174.000000     7.000000      81618
  174.000000     6.000000      81619
  174.000000     5.000000      81620
  174.000000     4.000000      81621
  173.000000     4.000000      81622
  172.000000     4.000000      81623
  171.000000     4.000000      81624
  170.000000     4.000000      81625
  169.000000     4.000000      81626
  168.000000     4.000000      81627
  167.000000     4.000000      81628
  166.000000     4.000000      81629
  165.000000     4.000000      81630
  164.000000     4.000000      81631
  164.000000     5.000000      81632
  164.000000     6.000000      81633
  164.000000     7.000000      81634
  164.000000     8.000000      81635
  164.000000     9.000000      81636
  164.000000    10.000000      81637
  164.000000    11.000000      81638
  164.000000    12.000000      81639
  164.000000    13.000000      81640
  140.000000    44.000000      81701
  139.500000    43.500000      81702
  139.000000    43.000000      81703
  139.000000    42.500000      81704
  139.000000    42.000000      81705
  139.000000    41.500000      81706
  139.000000    40.500000      81707
  139.000000    40.000000      81708
  139.000000    39.500000      81709
  138.500000    39.000000      81710
  138.000000    39.000000      81711
  137.500000    38.500000      81712
  137.500000    38.000000      81713
  137.000000    38.000000      81714
  136.500000    38.000000      81715
  136.000000    37.500000      81716
  135.500000    37.000000      81717
  135.000000    36.500000      81718
  134.500000    36.500000      81719
  134.000000    36.500000      81720
  133.500000    36.500000      81721
  133.000000    36.500000      81722
  132.500000    36.500000      81723
  132.000000    36.000000      81724
  131.500000    35.500000      81725
  131.000000    35.500000      81726
  130.500000    35.000000      81727
  130.000000    34.500000      81728
  129.500000    34.500000      81729
  129.000000    34.000000      81730
  128.500000    33.500000      81731
  128.000000    33.000000      81732
  127.500000    32.500000      81733
  127.000000    32.000000      81734
  126.500000    31.000000      81735
  126.500000    30.000000      81736
  126.500000    29.500000      81737
  126.500000    28.500000      81738
  126.500000    27.500000      81739
  126.500000    27.000000      81740
  126.500000    26.500000      81741
  126.500000    26.000000      81742
  127.000000    25.500000      81743
  127.500000    25.000000      81744
  128.000000    24.500000      81745
  128.500000    24.500000      81746
  129.000000    25.000000      81747
  129.500000    25.500000      81748
  130.000000    26.000000      81749
  130.500000    26.500000      81750
  130.500000    27.500000      81751
  131.000000    28.000000      81752
  131.000000    29.000000      81753
  131.500000    29.500000      81754
  132.000000    30.000000      81755
  132.500000    30.500000      81756
  133.000000    31.000000      81757
  133.500000    31.500000      81758
  134.000000    32.000000      81759
  134.500000    32.500000      81760
  135.000000    33.000000      81761
  135.500000    33.000000      81762
  136.000000    33.000000      81763
  136.500000    33.000000      81764
  137.000000    33.500000      81765
  137.500000    34.000000      81766
  138.000000    34.000000      81767
  138.500000    34.000000      81768
  139.000000    34.000000      81769
  139.500000    34.000000      81770
  140.000000    34.500000      81771
  140.500000    34.500000      81772
  141.000000    34.500000      81773
  141.500000    35.000000      81774
  141.500000    35.500000      81775
  141.500000    36.000000      81776
  141.500000    36.500000      81777
  142.000000    37.000000      81778
  142.000000    37.500000      81779
  142.000000    38.000000      81780
  142.500000    38.500000      81781
  143.000000    39.000000      81782
  143.000000    39.500000      81783
  143.000000    40.000000      81784
  143.000000    40.500000      81785
  143.000000    41.000000      81786
  143.500000    41.500000      81787
  144.000000    42.000000      81788
  144.500000    42.000000      81789
  145.000000    42.000000      81790
  145.500000    42.500000      81791
  146.000000    43.000000      81792
  146.000000    43.500000      81793
 -148.000000    56.000000    4600101
 -148.300000    56.300000    4600102
 -130.000000    42.500000    4600201
 -130.330000    42.500000    4600202
 -156.000000    52.000000    4600301
 -155.700000    51.850000    4600302
 -131.000000    46.000000    4600501
 -137.700000    40.700000    4600601
 -137.600000    40.800000    4600602
 -120.899700    34.894200    4601101
 -122.649700    37.369700    4601201
 -122.881400    37.360600    4601202
 -123.300000    38.199700    4601301
 -124.000000    39.199700    4601401
 -124.841700    42.733300    4601501
 -124.829200    42.756700    4601502
 -124.500000    40.800000    4602201
 -124.500000    40.750000    4602202
 -120.699700    34.300000    4602301
 -120.665600    34.250000    4602302
 -120.966700    34.713900    4602303
 -119.166700    32.833300    4602401
 -119.500000    32.800000    4602402
 -119.000000    33.600000    4602501
 -122.699700    37.800000    4402601
 -122.690000    37.750000    4402602
 -122.821400    37.745000    4402603
 -124.399700    41.800000    4602701
 -121.699700    35.800000    4602801
 -121.899700    35.800000    4602802
 -121.875300    35.738100    4602803
 -124.199700    46.199700    4602901
 -124.250800    46.250000    4602902
 -177.699700    57.000000    4603501
 -177.733300    57.961700    4603502
 -177.810600    57.910600    4603503
 -133.899700    48.300000    4603601
 -124.399700    41.899700    4603801
 -124.300000    44.800000    4604001
 -124.500000    47.399700    4604101
 -124.750000    47.333300    4604102
 -122.199700    36.800000    4604201
 -122.399700    36.800000    4604202
 -119.589200    32.686400    4604701
 -117.874400    32.897200    4604801
 -124.512800    44.612200    4605001
 -120.687200    34.476100    4605101
 -119.846100    34.235300    4605301
 -119.879000    34.262000    4605302
 -120.448300    34.268900    4605401
 -129.996900    34.983300    4605901
 -129.000300    34.032500    4605902
 -146.830600    60.218100    4606101
 -121.232800    35.100800    4604201
 -120.664700    34.250800    4606301
 -155.000000    52.666700    4606601
 -155.998600    52.696900    4606602
 -155.785000    52.785000    4606603
 -120.200000    33.650000    4606901
 -175.283900    55.003100    4607001
 -179.001700    51.170000    4607101
 -172.066700    52.030600    4607201
 -172.156900    52.626700    4607202
 -172.162000    51.663000    4607203
 -172.028900    54.941700    4607301
 -172.980600    54.011100    4607302
 -160.806400    53.925600    4607501
 -147.999700    59.499400    4607601
 -154.254200    57.920000    4607701
 -152.450800    56.053600    4607801
 -152.640000    56.990000    4607802
 -150.008900    58.001700    4608001
 -143.666700    59.614200    4608201
 -137.998900    58.251100    4608301
 -137.993300    58.248600    4608302
 -136.162200    56.593100    4608401
 -142.558600    55.854700    4608501
 -118.000000    32.500000    4608601
 -124.727200    48.493600    4608701
 -125.750000    45.900000    4608901
 -124.303000    44.633000    4609401
 -122.342000    36.710000    4611401
 -154.000000    23.500000    5100001
 -162.300000    23.399700    5100101
 -162.207800    23.431900    5100102
 -157.800000    17.199700    5100201
 -160.800000    19.199700    5100301
 -160.788300    19.258600    5100302
 -160.729700    19.171400    5100303
 -152.500000    17.500000    5100401
 -153.876400     0.000000    5102801
 -162.278600    23.445000    5110101
 -162.058300    23.320800    5110102
 -144.500000    13.199700    5200901
 -144.711700    13.723300    5200902
 -122.349800    36.716800    4611401
 -124.740300    40.293900    4621301
 -123.469200    37.946400    4621401
 -119.803400    34.333400    4621601
 -119.434600    34.166900    4621701
 -120.782300    34.458000    4621801
 -119.881500    33.220700    4621901
 -118.632600    33.854600    4622101
 -118.316800    33.617800    4622201
 -117.471400    33.179400    4622401
 -124.548100    43.769400    4622901
 -117.370000    32.746700    4623101
 -117.431200    32.530200    4623201
 -121.946600    36.760800    4623601
 -122.634200    37.786200    4623701
 -122.101700    36.341500    4623901
 -124.356000    40.888400    4624401
 -145.243400    49.903600    4624601
 -117.391900    32.930400    4622501
 -117.444400    32.632100    4622701
 -119.489800    33.499200    4623801
 -122.833100    37.752600    4624701
 -124.645500    46.132800    4624801
 -119.708300    33.821300    4624901
 -144.788300    13.354200    5220001
 -144.811600    13.682800    5220201
 -154.968000    19.781400    5120601
 -157.009800    20.787800    5120301
 -156.425000    21.018000    5120501
 -158.123700    21.281400    5120401
 -157.678800    21.414200    5120201
 -157.752600    21.477500    5120701
 -135.870000    50.940000    4600401
 -133.860000    48.300000    4603601
 -127.920000    49.730000    4613201
 -129.790000    52.440000    4613801
 -126.010000    48.840000    4613901
 -132.430000    54.380000    4614501
 -131.200000    51.820000    4614701
 -131.140000    53.570000    4618301
 -138.760000    53.960000    4618401
 -129.800000    52.420000    4618501
 -128.740000    51.380000    4620401
 -133.400000    54.300000    4620501
 -134.330000    54.170000    4620502
 -126.000000    48.830000    4620601
 -129.910000    50.860000    4620701
 -132.700000    52.515000    4620801
 -124.243900    46.858100    4621101
 -117.439100    33.220300    4624201
 -120.859300    35.203800    4621501
 -124.740300    40.293900    4621301
 -117.353300    32.848000    4622601
 -117.767100    33.458100    4622301
 -158.117100    21.670500    5120101
 -121.907100    36.626300    4624001
 -124.128600    46.214600    4624301
 -171.393400     7.089300    5220101
 -117.391700    33.188300    4900401
 -122.003300    36.953300    4900601
 -121.886700    36.600000    4901001
 -124.225000    40.875000    4901201
 -117.265000    32.756700    4901401
 -122.500000    37.633300    4902301
 -157.586700    21.315000    4903401
 -124.440000    43.123300    4903501
 -124.513300    43.113300    4903701
 -159.833300    22.006700    4903901
 -122.418300    36.948300    4904401
 -122.873300    37.505000    4904701
 -117.278300    32.956700    4905101
 -117.136700    32.583300    4905501
 -122.420000    37.815000    4905601
 -121.815000    36.700000    4906101
 -122.518300    37.546700    4906201
 -120.675000    34.468300    4906301
 -119.733300    33.916700    4908001
 -117.273400    32.928600    4910101
 -119.000000    33.979200    4910201
 -119.663300    33.380000    4913801
 -117.169100    32.569500    4915501
 -158.148300    21.330000    4915901
