 -130.0000    42.5000    4600201
 -130.3300    42.5000    4600202
 -130.3997    42.5000    4600203
 -130.2719    42.3053    4600204
 -131.0000    46.0000    4600501
 -137.7000    40.7000    4600601
 -137.6000    40.8000    4600602
 -137.4508    40.8856    4600603
 -120.8997    34.8942    4601101
 -120.8689    34.8808    4601102
 -120.8575    34.8683    4601103
 -122.6497    37.3697    4601201
 -122.6997    37.3997    4601202
 -122.8814    37.3606    4601203
 -123.3000    38.1997    4601301
 -124.0000    39.1997    4601401
 -124.8417    42.7333    4601501
 -124.5000    40.8000    4602201
 -120.6997    34.3000    4602301
 -120.9667    34.7139    4602302
 -119.1667    32.8333    4602401
 -119.5000    32.8000    4602402
 -119.0000    33.6000    4602501
 -119.0683    33.7467    4602502
 -122.6997    37.8000    4402601
 -124.3997    41.8000    4602701
 -121.6997    35.8000    4602801
 -121.8997    35.8000    4602802
 -124.1997    46.1997    4602901
 -124.5000    46.1167    4602902
 -133.8997    48.3000    4603601
 -124.3997    41.8997    4603801
 -124.3000    44.8000    4604001
 -124.5000    47.3997    4604101
 -124.7500    47.3333    4604102
 -122.1997    36.8000    4604201
 -122.3997    36.8000    4604202
 -119.5892    32.6864    4604701
 -119.5331    32.4333    4604702
 -117.8744    32.8972    4604801
 -117.8911    32.8972    4604802
 -124.5128    44.6122    4605001
 -124.5189    44.6278    4605002
 -120.6872    34.4761    4605101
 -119.8461    34.2353    4605301
 -119.8790    34.2620    4605302
 -120.4483    34.2689    4605401
 -129.9969    34.9833    4605901
 -129.0003    34.0325    4605902
 -121.2328    35.1008    4604201
 -120.6647    34.2508    4606301
 -120.2000    33.6500    4606901
 -118.0000    32.5000    4608601
 -124.7272    48.4936    4608701
 -125.7500    45.9000    4608901
 -124.3030    44.6330    4609401
 -122.3420    36.7100    4611401
 -122.3498    36.7168    4611401
 -124.7403    40.2939    4621301
 -123.4692    37.9464    4621401
 -119.8034    34.3334    4621601
 -119.4346    34.1669    4621701
 -120.7823    34.4580    4621801
 -119.8815    33.2207    4621901
 -118.6326    33.8546    4622101
 -118.3168    33.6178    4622201
 -117.4714    33.1794    4622401
 -124.5481    43.7694    4622901
 -117.3700    32.7467    4623101
 -117.4312    32.5302    4623201
 -121.9466    36.7608    4623601
 -122.6342    37.7862    4623701
 -122.1017    36.3415    4623901
 -124.3560    40.8884    4624401
 -117.3919    32.9304    4622501
 -117.4444    32.6321    4622701
 -119.4898    33.4992    4623801
 -122.8331    37.7526    4624701
 -124.6455    46.1328    4624801
 -119.7083    33.8213    4624901
 -133.8600    48.3000    4603601
 -124.9900    49.9100    4613101
 -127.9200    49.7300    4613201
 -123.4800    48.6600    4613401
 -126.0100    48.8400    4613901
 -123.7300    49.3400    4614601
 -123.2900    49.4800    4618201
 -126.0000    48.8300    4620601
 -124.2439    46.8581    4621101
 -117.4391    33.2203    4624201
 -120.8593    35.2038    4621501
 -124.7403    40.2939    4621301
 -117.3533    32.8480    4622601
 -117.7671    33.4581    4622301
 -121.9071    36.6263    4624001
 -124.1286    46.2146    4624301
 -117.3917    33.1883    4900401
 -122.0033    36.9533    4900601
 -121.8867    36.6000    4901001
 -124.2250    40.8750    4901201
 -117.2650    32.7567    4901401
 -122.5000    37.6333    4902301
 -124.4400    43.1233    4903501
 -124.5133    43.1133    4903701
 -122.4183    36.9483    4904401
 -122.8733    37.5050    4904701
 -117.2783    32.9567    4905101
 -117.1367    32.5833    4905501
 -122.4200    37.8150    4905601
 -121.8150    36.7000    4906101
 -122.5183    37.5467    4906201
 -120.6750    34.4683    4906301
 -119.7333    33.9167    4908001
 -117.2734    32.9286    4910101
 -119.0000    33.9792    4910201
 -119.6633    33.3800    4913801
 -117.1691    32.5695    4915501
