 -120.6997    34.3000    4602301
 -120.6619    34.2542    4602302
 -119.1667    32.8333    4602401
 -119.1997    32.8000    4602402
 -119.5000    32.8000    4602403
 -119.0000    33.6000    4602501
 -119.0683    33.7467    4602502
 -119.0758    33.7467    4602503
 -119.5892    32.6864    4604701
 -119.5331    32.4333    4604702
 -119.5360    32.4030    4604703
 -117.8744    32.8972    4604801
 -117.8911    32.8972    4604802
 -120.6872    34.4761    4605101
 -119.8461    34.2353    4605301
 -119.8564    34.2428    4605302
 -119.8790    34.2620    4605303
 -120.4483    34.2689    4605401
 -120.4617    34.2728    4605402
 -120.4770    34.2650    4605403
 -120.6647    34.2508    4606301
 -120.6653    34.2764    4606302
 -120.6986    34.2725    4606303
 -120.2000    33.6500    4606901
 -120.2000    33.6703    4606902
 -117.9989    32.5036    4608601
 -117.9992    32.4983    4608602
 -118.0289    32.4997    4608603
 -119.8034    34.3334    4621601
 -119.4346    34.1669    4621701
 -120.7823    34.4580    4621801
 -119.8815    33.2207    4621901
 -118.6326    33.8546    4622101
 -118.3168    33.6178    4622201
 -117.4714    33.1794    4622401
 -117.3700    32.7467    4623101
 -117.4312    32.5302    4623201
 -117.3919    32.9304    4622501
 -117.4444    32.6321    4622701
 -119.4898    33.4992    4623801
 -119.7083    33.8213    4624901
 -117.4391    33.2203    4624201
 -117.3533    32.8480    4622601
 -117.7671    33.4581    4622301
 -117.3917    33.1883    4900401
 -117.2650    32.7567    4901401
 -117.2783    32.9567    4905101
 -117.1367    32.5833    4905501
 -120.6750    34.4683    4906301
 -119.7333    33.9167    4908001
 -117.2734    32.9286    4910101
 -119.0000    33.9792    4910201
 -119.6633    33.3800    4913801
 -117.1691    32.5695    4915501
