 -124.920000    48.500000      83001
 -124.920000    48.330000      83002
 -124.920000    48.170000      83003
 -124.920000    48.000000      83004
 -124.750000    47.830000      83005
 -124.500000    47.670000      83006
 -124.500000    47.500000      83007
 -124.500000    47.330000      83008
 -124.420000    47.170000      83009
 -124.250000    47.000000      83010
 -124.250000    46.830000      83011
 -124.170000    46.670000      83012
 -124.250000    46.500000      83013
 -124.250000    46.330000      83014
 -124.250000    46.170000      83015
 -124.170000    46.000000      83016
 -124.170000    45.830000      83017
 -124.170000    45.670000      83018
 -124.170000    45.500000      83019
 -124.170000    45.330000      83020
 -124.170000    45.170000      83021
 -124.250000    45.000000      83022
 -124.250000    44.830000      83023
 -124.250000    44.670000      83024
 -124.250000    44.500000      83025
 -124.250000    44.330000      83026
 -124.250000    44.170000      83027
 -124.250000    44.000000      83028
 -124.420000    43.830000      83029
 -124.420000    43.670000      83030
 -124.500000    43.500000      83031
 -124.500000    43.330000      83032
 -124.670000    43.170000      83033
 -124.670000    43.000000      83034
 -124.750000    42.830000      83035
 -124.670000    42.670000      83036
 -124.670000    42.500000      83037
 -124.670000    42.330000      83038
 -124.500000    42.170000      83039
 -124.500000    42.000000      83040
 -124.420000    41.830000      83041
 -124.250000    41.670000      83042
 -124.250000    41.500000      83043
 -124.250000    41.330000      83044
 -124.250000    41.170000      83045
 -124.250000    41.000000      83046
 -124.420000    40.830000      83047
 -124.500000    40.670000      83048
 -124.500000    40.500000      83049
 -124.500000    40.330000      83050
 -124.420000    40.170000      83051
 -124.250000    40.000000      83052
 -124.000000    39.830000      83053
 -124.000000    39.670000      83054
 -124.000000    39.500000      83055
 -124.000000    39.330000      83056
 -123.920000    39.170000      83057
 -123.920000    39.000000      83058
 -123.750000    38.830000      83059
 -123.500000    38.670000      83060
 -123.420000    38.500000      83061
 -123.250000    38.330000      83062
 -123.170000    38.170000      83063
 -123.170000    38.000000      83064
 -122.920000    37.830000      83065
 -122.670000    37.670000      83066
 -122.670000    37.500000      83067
 -122.670000    37.330000      83068
 -122.670000    37.170000      83069
 -122.500000    37.000000      83070
 -122.250000    36.920000      83071
 -122.000000    36.830000      83072
 -122.170000    36.670000      83073
 -122.170000    36.500000      83074
 -122.000000    36.330000      83075
 -121.920000    36.170000      83076
 -121.750000    36.000000      83077
 -121.670000    35.830000      83078
 -121.500000    35.670000      83079
 -121.250000    35.500000      83080
 -121.170000    35.330000      83081
 -121.000000    35.170000      83082
 -120.750000    35.000000      83083
 -120.920000    34.830000      83084
 -120.920000    34.670000      83085
 -120.750000    34.500000      83086
 -120.580000    34.420000      83087
 -120.420000    34.330000      83088
 -120.250000    34.330000      83089
 -120.000000    34.250000      83090
 -119.750000    34.250000      83091
 -119.500000    34.250000      83092
 -119.420000    34.170000      83093
 -119.500000    34.080000      83094
 -119.250000    34.000000      83095
 -119.170000    33.920000      83096
 -119.000000    33.920000      83097
 -118.750000    33.920000      83098
 -118.670000    33.830000      83099
 -118.500000    33.670000      83100
 -118.250000    33.580000      83101
 -118.000000    33.500000      83102
 -117.920000    33.330000      83103
 -117.750000    33.250000      83104
 -117.670000    33.080000      83105
 -117.500000    32.920000      83106
 -117.500000    32.750000      83107
 -120.8997    34.8942    4601101
 -120.8689    34.8808    4601102
 -120.8575    34.8683    4601103
 -120.9920    35.0000    4601104
 -122.6497    37.3697    4601201
 -122.6997    37.3997    4601202
 -122.7231    37.3867    4601203
 -122.8814    37.3606    4601204
 -123.3000    38.1997    4601301
 -123.3017    38.2317    4601302
 -124.0000    39.1997    4601401
 -123.9842    39.2197    4601402
 -124.8417    42.7333    4601501
 -124.5000    40.8000    4602201
 -124.5000    40.7500    4602202
 -124.5000    40.6997    4602203
 -124.5417    40.7814    4602204
 -120.6997    34.3000    4602301
 -120.6619    34.2542    4602302
 -120.9667    34.7139    4602303
 -120.9569    34.7033    4602304
 -119.1667    32.8333    4602401
 -119.5000    32.8000    4602402
 -119.0000    33.6000    4602501
 -119.0683    33.7467    4602502
 -122.6997    37.8000    4402601
 -122.6900    37.7500    4402602
 -122.8214    37.7450    4402603
 -124.3997    41.8000    4602701
 -121.6997    35.8000    4602801
 -121.8997    35.8000    4602802
 -121.8667    35.7550    4602803
 -124.1997    46.1997    4602901
 -124.2508    46.2500    4602902
 -124.5000    46.1167    4602903
 -124.3997    41.8997    4603801
 -124.3000    44.8000    4604001
 -124.3017    44.7808    4604002
 -124.5000    47.3997    4604101
 -124.7500    47.3333    4604102
 -124.7080    47.3490    4604103
 -122.1997    36.8000    4604201
 -122.3997    36.8000    4604202
 -122.4075    36.7503    4604203
 -122.4690    36.7850    4604204
 -119.5892    32.6864    4604701
 -119.5331    32.4333    4604702
 -117.8744    32.8972    4604801
 -117.8911    32.8972    4604802
 -124.5128    44.6122    4605001
 -124.5189    44.6278    4605002
 -120.6872    34.4761    4605101
 -119.8461    34.2353    4605301
 -119.8790    34.2620    4605302
 -120.4483    34.2689    4605401
 -120.4617    34.2728    4605402
 -121.2328    35.1008    4604201
 -120.6647    34.2508    4606301
 -120.2000    33.6500    4606901
 -118.0000    32.5000    4608601
 -124.7272    48.4936    4608701
 -125.7500    45.9000    4608901
 -125.8303    45.8892    4608902
 -125.8190    45.9830    4608903
 -124.3030    44.6330    4609401
 -122.3420    36.7100    4611401
 -122.3500    36.7020    4611402
 -122.3498    36.7168    4611401
 -124.7403    40.2939    4621301
 -123.4692    37.9464    4621401
 -119.8034    34.3334    4621601
 -119.4346    34.1669    4621701
 -120.7823    34.4580    4621801
 -119.8815    33.2207    4621901
 -118.6326    33.8546    4622101
 -118.3168    33.6178    4622201
 -117.4714    33.1794    4622401
 -124.5481    43.7694    4622901
 -117.3700    32.7467    4623101
 -117.4312    32.5302    4623201
 -121.9466    36.7608    4623601
 -122.6342    37.7862    4623701
 -122.1017    36.3415    4623901
 -124.3560    40.8884    4624401
 -117.3919    32.9304    4622501
 -117.4444    32.6321    4622701
 -119.4898    33.4992    4623801
 -122.8331    37.7526    4624701
 -124.6455    46.1328    4624801
 -119.7083    33.8213    4624901
 -124.9900    49.9100    4613101
 -127.9200    49.7300    4613201
 -123.4800    48.6600    4613401
 -126.0100    48.8400    4613901
 -123.7300    49.3400    4614601
 -123.2900    49.4800    4618201
 -126.0000    48.8300    4620601
 -124.2439    46.8581    4621101
 -117.4391    33.2203    4624201
 -120.8593    35.2038    4621501
 -124.7403    40.2939    4621301
 -117.3533    32.8480    4622601
 -117.7671    33.4581    4622301
 -121.9071    36.6263    4624001
 -124.1286    46.2146    4624301
 -117.3917    33.1883    4900401
 -122.0033    36.9533    4900601
 -121.8867    36.6000    4901001
 -124.2250    40.8750    4901201
 -117.2650    32.7567    4901401
 -122.5000    37.6333    4902301
 -124.4400    43.1233    4903501
 -124.5133    43.1133    4903701
 -122.4183    36.9483    4904401
 -122.8733    37.5050    4904701
 -117.2783    32.9567    4905101
 -117.1367    32.5833    4905501
 -122.4200    37.8150    4905601
 -121.8150    36.7000    4906101
 -122.5183    37.5467    4906201
 -120.6750    34.4683    4906301
 -119.7333    33.9167    4908001
 -117.2734    32.9286    4910101
 -119.0000    33.9792    4910201
 -119.6633    33.3800    4913801
 -117.1691    32.5695    4915501
