 -120.612500    34.512500      84001
 -120.587500    34.487500      84002
 -120.562500    34.487500      84003
 -120.537500    34.462500      84004
 -120.512500    34.437500      84005
 -120.512500    34.412500      84006
 -120.487500    34.387500      84007
 -120.462500    34.387500      84008
 -120.437500    34.387500      84009
 -120.412500    34.412500      84010
 -120.387500    34.412500      84011
 -120.362500    34.412500      84012
 -120.337500    34.412500      84013
 -120.312500    34.412500      84014
 -120.287500    34.412500      84015
 -120.262500    34.412500      84016
 -120.237500    34.412500      84017
 -120.212500    34.412500      84018
 -120.187500    34.412500      84019
 -120.162500    34.412500      84020
 -120.137500    34.412500      84021
 -120.112500    34.412500      84022
 -120.087500    34.412500      84023
 -120.062500    34.412500      84024
 -120.037500    34.412500      84025
 -120.012500    34.412500      84026
 -119.987500    34.387500      84027
 -119.962500    34.387500      84028
 -119.937500    34.387500      84029
 -119.912500    34.362500      84030
 -119.887500    34.362500      84031
 -119.862500    34.362500      84032
 -119.837500    34.362500      84033
 -119.812500    34.362500      84034
 -119.787500    34.362500      84035
 -119.762500    34.362500      84036
 -119.737500    34.337500      84037
 -119.712500    34.337500      84038
 -119.687500    34.337500      84039
 -119.662500    34.362500      84040
 -119.637500    34.362500      84041
 -119.612500    34.362500      84042
 -119.587500    34.362500      84043
 -119.562500    34.337500      84044
 -119.537500    34.337500      84045
 -119.512500    34.337500      84046
 -119.487500    34.312500      84047
 -119.462500    34.312500      84048
 -119.437500    34.287500      84049
 -119.412500    34.262500      84050
 -119.387500    34.262500      84051
 -119.362500    34.237500      84052
 -119.337500    34.237500      84053
 -119.312500    34.212500      84054
 -119.312500    34.187500      84055
 -119.287500    34.162500      84056
 -119.287500    34.137500      84057
 -119.262500    34.112500      84058
 -119.237500    34.087500      84059
 -119.212500    34.087500      84060
 -119.187500    34.062500      84061
 -119.162500    34.062500      84062
 -119.137500    34.037500      84063
 -119.112500    34.037500      84064
 -119.087500    34.037500      84065
 -119.062500    34.037500      84066
 -119.037500    34.012500      84067
 -119.012500    34.012500      84068
 -118.987500    34.012500      84069
 -118.962500    33.987500      84070
 -118.937500    33.987500      84071
 -118.912500    33.987500      84072
 -118.887500    33.987500      84073
 -118.862500    33.987500      84074
 -118.837500    33.962500      84075
 -118.812500    33.962500      84076
 -118.787500    33.962500      84077
 -118.762500    33.962500      84078
 -118.737500    33.987500      84079
 -118.712500    33.987500      84080
 -118.687500    33.987500      84081
 -118.662500    33.987500      84082
 -118.637500    33.987500      84083
 -118.612500    33.987500      84084
 -118.587500    33.987500      84085
 -118.562500    33.987500      84086
 -118.537500    33.962500      84087
 -118.512500    33.937500      84088
 -118.487500    33.912500      84089
 -118.487500    33.887500      84090
 -118.462500    33.862500      84091
 -118.462500    33.837500      84092
 -118.462500    33.812500      84093
 -118.462500    33.787500      84094
 -118.462500    33.762500      84095
 -118.462500    33.737500      84096
 -118.462500    33.712500      84097
 -118.437500    33.687500      84098
 -118.412500    33.687500      84099
 -118.387500    33.687500      84100
 -118.362500    33.687500      84101
 -118.337500    33.662500      84102
 -118.312500    33.662500      84103
 -118.287500    33.662500      84104
 -118.262500    33.662500      84105
 -118.237500    33.687500      84106
 -118.212500    33.687500      84107
 -118.187500    33.687500      84108
 -118.162500    33.687500      84109
 -118.137500    33.687500      84110
 -118.112500    33.687500      84111
 -118.087500    33.662500      84112
 -118.062500    33.637500      84113
 -118.037500    33.612500      84114
 -118.012500    33.587500      84115
 -117.987500    33.587500      84116
 -117.962500    33.562500      84117
 -117.937500    33.562500      84118
 -117.912500    33.537500      84119
 -117.887500    33.537500      84120
 -117.862500    33.512500      84121
 -117.837500    33.512500      84122
 -117.812500    33.487500      84123
 -117.787500    33.462500      84124
 -117.762500    33.437500      84125
 -117.737500    33.412500      84126
 -117.712500    33.412500      84127
 -117.687500    33.412500      84128
 -117.662500    33.387500      84129
 -117.637500    33.362500      84130
 -117.612500    33.337500      84131
 -117.587500    33.312500      84132
 -117.562500    33.312500      84133
 -117.537500    33.287500      84134
 -117.512500    33.262500      84135
 -117.487500    33.237500      84136
 -117.462500    33.212500      84137
 -117.437500    33.187500      84138
 -117.437500    33.162500      84139
 -117.412500    33.137500      84140
 -117.387500    33.112500      84141
 -117.387500    33.087500      84142
 -117.362500    33.062500      84143
 -117.362500    33.037500      84144
 -117.337500    33.012500      84145
 -117.337500    32.987500      84146
 -117.312500    32.962500      84147
 -117.312500    32.937500      84148
 -117.312500    32.912500      84149
 -117.312500    32.887500      84150
 -117.337500    32.862500      84151
 -117.337500    32.837500      84152
 -117.337500    32.812500      84153
 -117.312500    32.787500      84154
 -117.312500    32.762500      84155
 -117.312500    32.737500      84156
 -117.312500    32.712500      84157
 -117.312500    32.687500      84158
 -117.312500    32.662500      84159
 -117.287500    32.637500      84160
 -117.262500    32.637500      84161
 -117.237500    32.637500      84162
 -117.212500    32.637500      84163
 -117.187500    32.612500      84164
 -117.187500    32.587500      84165
 -117.187500    32.562500      84166
 -117.187500    32.537500      84167
 -120.699700    34.300000    4602301
 -120.661900    34.254200    4602302
 -119.166700    32.833300    4602401
 -119.199700    32.800000    4602402
 -119.500000    32.800000    4602403
 -119.000000    33.600000    4602501
 -119.068300    33.746700    4602502
 -119.075800    33.746700    4602503
 -117.874400    32.897200    4604801
 -117.891100    32.897200    4604802
 -120.687200    34.476100    4605101
 -119.846100    34.235300    4605301
 -119.856400    34.242800    4605302
 -119.879000    34.262000    4605303
 -120.448300    34.268900    4605401
 -120.461700    34.272800    4605402
 -120.477000    34.265000    4605403
 -120.664700    34.250800    4606301
 -120.665300    34.276400    4606302
 -120.698600    34.272500    4606303
 -120.200000    33.650000    4606901
 -120.200000    33.670300    4606902
 -117.998900    32.503600    4608601
 -117.999200    32.498300    4608602
 -118.028900    32.499700    4608603
 -119.803400    34.333400    4621601
 -119.434600    34.166900    4621701
 -120.782300    34.458000    4621801
 -119.881500    33.220700    4621901
 -118.632600    33.854600    4622101
 -118.316800    33.617800    4622201
 -117.471400    33.179400    4622401
 -117.370000    32.746700    4623101
 -117.431200    32.530200    4623201
 -117.391900    32.930400    4622501
 -117.444400    32.632100    4622701
 -119.489800    33.499200    4623801
 -119.708300    33.821300    4624901
 -117.439100    33.220300    4624201
 -117.353300    32.848000    4622601
 -117.767100    33.458100    4622301
 -117.391700    33.188300    4900401
 -117.265000    32.756700    4901401
 -117.278300    32.956700    4905101
 -117.136700    32.583300    4905501
 -120.675000    34.468300    4906301
 -119.733300    33.916700    4908001
 -117.273400    32.928600    4910101
 -119.000000    33.979200    4910201
 -119.663300    33.380000    4913801
