 -124.920000    48.500000      83001
 -124.920000    48.330000      83002
 -124.920000    48.170000      83003
 -124.920000    48.000000      83004
 -124.750000    47.830000      83005
 -124.500000    47.670000      83006
 -124.500000    47.500000      83007
 -124.500000    47.330000      83008
 -124.420000    47.170000      83009
 -124.250000    47.000000      83010
 -124.250000    46.830000      83011
 -124.170000    46.670000      83012
 -124.250000    46.500000      83013
 -124.250000    46.330000      83014
 -124.250000    46.170000      83015
 -124.170000    46.000000      83016
 -124.170000    45.830000      83017
 -124.170000    45.670000      83018
 -124.170000    45.500000      83019
 -124.170000    45.330000      83020
 -124.170000    45.170000      83021
 -124.250000    45.000000      83022
 -124.250000    44.830000      83023
 -124.250000    44.670000      83024
 -124.250000    44.500000      83025
 -124.250000    44.330000      83026
 -124.250000    44.170000      83027
 -124.250000    44.000000      83028
 -124.420000    43.830000      83029
 -124.420000    43.670000      83030
 -124.500000    43.500000      83031
 -124.500000    43.330000      83032
 -124.670000    43.170000      83033
 -124.670000    43.000000      83034
 -124.750000    42.830000      83035
 -124.670000    42.670000      83036
 -124.670000    42.500000      83037
 -124.670000    42.330000      83038
 -124.500000    42.170000      83039
 -124.500000    42.000000      83040
 -124.420000    41.830000      83041
 -124.250000    41.670000      83042
 -124.250000    41.500000      83043
 -124.250000    41.330000      83044
 -124.250000    41.170000      83045
 -124.250000    41.000000      83046
 -124.420000    40.830000      83047
 -124.500000    40.670000      83048
 -124.500000    40.500000      83049
 -124.500000    40.330000      83050
 -124.420000    40.170000      83051
 -124.250000    40.000000      83052
 -124.000000    39.830000      83053
 -124.000000    39.670000      83054
 -124.000000    39.500000      83055
 -124.000000    39.330000      83056
 -123.920000    39.170000      83057
 -123.920000    39.000000      83058
 -123.750000    38.830000      83059
 -123.500000    38.670000      83060
 -123.420000    38.500000      83061
 -123.250000    38.330000      83062
 -123.170000    38.170000      83063
 -123.170000    38.000000      83064
 -122.920000    37.830000      83065
 -122.670000    37.670000      83066
 -122.670000    37.500000      83067
 -122.670000    37.330000      83068
 -122.670000    37.170000      83069
 -122.500000    37.000000      83070
 -122.250000    36.920000      83071
 -122.000000    36.830000      83072
 -122.170000    36.670000      83073
 -122.170000    36.500000      83074
 -122.000000    36.330000      83075
 -121.920000    36.170000      83076
 -121.750000    36.000000      83077
 -121.670000    35.830000      83078
 -121.500000    35.670000      83079
 -121.250000    35.500000      83080
 -121.170000    35.330000      83081
 -121.000000    35.170000      83082
 -120.750000    35.000000      83083
 -120.920000    34.830000      83084
 -120.920000    34.670000      83085
 -120.750000    34.500000      83086
 -120.899700    34.894200    4601101
 -120.868900    34.880800    4601102
 -120.857500    34.868300    4601103
 -120.992000    35.000000    4601104
 -122.649700    37.369700    4601201
 -122.699700    37.399700    4601202
 -122.723100    37.386700    4601203
 -122.881400    37.360600    4601204
 -123.300000    38.199700    4601301
 -123.301700    38.231700    4601302
 -124.000000    39.199700    4601401
 -123.984200    39.219700    4601402
 -124.841700    42.733300    4601501
 -124.500000    40.800000    4602201
 -124.500000    40.750000    4602202
 -124.500000    40.699700    4602203
 -124.541700    40.781400    4602204
 -120.699700    34.300000    4602301
 -120.661900    34.254200    4602302
 -120.966700    34.713900    4602303
 -120.956900    34.703300    4602304
 -119.166700    32.833300    4602401
 -119.500000    32.800000    4602402
 -119.000000    33.600000    4602501
 -119.068300    33.746700    4602502
 -122.699700    37.800000    4402601
 -122.690000    37.750000    4402602
 -122.821400    37.745000    4402603
 -124.399700    41.800000    4602701
 -121.699700    35.800000    4602801
 -121.899700    35.800000    4602802
 -121.866700    35.755000    4602803
 -124.199700    46.199700    4602901
 -124.250800    46.250000    4602902
 -124.500000    46.116700    4602903
 -124.399700    41.899700    4603801
 -124.300000    44.800000    4604001
 -124.301700    44.780800    4604002
 -124.500000    47.399700    4604101
 -124.750000    47.333300    4604102
 -124.708000    47.349000    4604103
 -122.199700    36.800000    4604201
 -122.399700    36.800000    4604202
 -122.407500    36.750300    4604203
 -122.469000    36.785000    4604204
 -119.589200    32.686400    4604701
 -119.533100    32.433300    4604702
 -117.874400    32.897200    4604801
 -117.891100    32.897200    4604802
 -124.512800    44.612200    4605001
 -124.518900    44.627800    4605002
 -120.687200    34.476100    4605101
 -119.846100    34.235300    4605301
 -119.879000    34.262000    4605302
 -120.448300    34.268900    4605401
 -120.461700    34.272800    4605402
 -121.232800    35.100800    4604201
 -120.664700    34.250800    4606301
 -120.200000    33.650000    4606901
 -118.000000    32.500000    4608601
 -124.727200    48.493600    4608701
 -125.750000    45.900000    4608901
 -125.830300    45.889200    4608902
 -125.819000    45.983000    4608903
 -124.303000    44.633000    4609401
 -122.342000    36.710000    4611401
 -122.350000    36.702000    4611402
 -122.349800    36.716800    4611401
 -124.740300    40.293900    4621301
 -123.469200    37.946400    4621401
 -119.803400    34.333400    4621601
 -119.434600    34.166900    4621701
 -120.782300    34.458000    4621801
 -119.881500    33.220700    4621901
 -118.632600    33.854600    4622101
 -118.316800    33.617800    4622201
 -117.471400    33.179400    4622401
 -124.548100    43.769400    4622901
 -117.370000    32.746700    4623101
 -117.431200    32.530200    4623201
 -121.946600    36.760800    4623601
 -122.634200    37.786200    4623701
 -122.101700    36.341500    4623901
 -124.356000    40.888400    4624401
 -117.391900    32.930400    4622501
 -117.444400    32.632100    4622701
 -119.489800    33.499200    4623801
 -122.833100    37.752600    4624701
 -124.645500    46.132800    4624801
 -119.708300    33.821300    4624901
 -124.990000    49.910000    4613101
 -127.920000    49.730000    4613201
 -123.480000    48.660000    4613401
 -126.010000    48.840000    4613901
 -123.730000    49.340000    4614601
 -123.290000    49.480000    4618201
 -126.000000    48.830000    4620601
 -124.243900    46.858100    4621101
 -117.439100    33.220300    4624201
 -120.859300    35.203800    4621501
 -124.740300    40.293900    4621301
 -117.353300    32.848000    4622601
 -117.767100    33.458100    4622301
 -121.907100    36.626300    4624001
 -124.128600    46.214600    4624301
 -117.391700    33.188300    4900401
 -122.003300    36.953300    4900601
 -121.886700    36.600000    4901001
 -124.225000    40.875000    4901201
 -117.265000    32.756700    4901401
 -122.500000    37.633300    4902301
 -124.440000    43.123300    4903501
 -124.513300    43.113300    4903701
 -122.418300    36.948300    4904401
 -122.873300    37.505000    4904701
 -117.278300    32.956700    4905101
 -117.136700    32.583300    4905501
 -122.420000    37.815000    4905601
 -121.815000    36.700000    4906101
 -122.518300    37.546700    4906201
 -120.675000    34.468300    4906301
 -119.733300    33.916700    4908001
 -117.273400    32.928600    4910101
 -119.000000    33.979200    4910201
 -119.663300    33.380000    4913801
 -117.169100    32.569500    4915501
