 -130.500000    47.000000      81001
 -130.500000    47.500000      81002
 -130.500000    48.000000      81003
 -130.500000    48.500000      81004
 -130.500000    49.000000      81005
 -130.500000    49.500000      81006
 -130.500000    50.000000      81007
 -131.000000    50.500000      81008
 -131.500000    51.000000      81009
 -132.000000    51.500000      81010
 -132.500000    52.000000      81011
 -133.000000    52.500000      81012
 -133.500000    53.000000      81013
 -134.000000    53.500000      81014
 -134.500000    54.000000      81015
 -135.000000    54.500000      81016
 -135.500000    55.000000      81017
 -136.000000    55.500000      81018
 -154.500000    56.000000      81019
 -154.000000    56.000000      81020
 -153.500000    56.000000      81021
 -153.000000    56.000000      81022
 -136.500000    56.000000      81023
 -152.500000    56.500000      81024
 -152.000000    56.500000      81025
 -137.000000    56.500000      81026
 -151.500000    57.000000      81027
 -137.500000    57.000000      81028
 -151.500000    57.500000      81029
 -138.000000    57.500000      81030
 -151.500000    58.000000      81031
 -138.500000    58.000000      81032
 -151.000000    58.500000      81033
 -150.500000    58.500000      81034
 -150.000000    58.500000      81035
 -140.000000    58.500000      81036
 -139.500000    58.500000      81037
 -139.000000    58.500000      81038
 -149.500000    59.000000      81039
 -149.000000    59.000000      81040
 -148.500000    59.000000      81041
 -148.000000    59.000000      81042
 -147.500000    59.000000      81043
 -147.000000    59.000000      81044
 -142.000000    59.000000      81045
 -141.500000    59.000000      81046
 -141.000000    59.000000      81047
 -140.500000    59.000000      81048
 -146.500000    59.500000      81049
 -146.000000    59.500000      81050
 -145.500000    59.500000      81051
 -145.000000    59.500000      81052
 -144.500000    59.500000      81053
 -144.000000    59.500000      81054
 -143.500000    59.500000      81055
 -143.000000    59.500000      81056
 -142.500000    59.500000      81057
 -130.500000    46.500000      81058
 -130.500000    46.000000      81059
 -130.500000    45.500000      81060
 -130.500000    45.000000      81061
 -130.500000    44.500000      81062
 -130.500000    44.000000      81063
 -130.500000    43.500000      81064
 -130.500000    43.000000      81065
 -130.500000    42.500000      81066
 -130.500000    42.000000      81067
 -130.500000    41.500000      81068
 -130.500000    41.000000      81069
 -130.500000    40.500000      81070
 -130.500000    40.000000      81071
 -130.500000    39.500000      81072
 -130.500000    39.000000      81073
 -128.500000    38.500000      81074
 -128.500000    38.000000      81075
 -128.500000    37.500000      81076
 -128.500000    37.000000      81077
 -126.500000    36.500000      81078
 -126.500000    36.000000      81079
 -126.500000    35.500000      81080
 -126.500000    35.000000      81081
 -124.500000    34.500000      81082
 -124.500000    34.000000      81083
 -124.500000    33.500000      81084
 -157.000000    17.000000      81301
 -162.000000    20.500000      81302
 -157.000000    24.000000      81303
 -152.500000    20.500000      81304
 -162.000000    24.000000      81305
 -162.000000    22.000000      81306
 -166.000000    23.000000      81307
 -174.000000    25.000000      81308
 -178.000000    26.000000      81309
 -179.000000    29.000000      81310
 -174.000000    28.000000      81311
 -166.000000    25.000000      81312
  146.500000    15.500000      81401
  146.500000    15.000000      81402
  146.500000    14.500000      81403
  146.500000    14.000000      81404
  146.000000    14.000000      81405
  146.000000    13.500000      81406
  145.500000    13.500000      81407
  145.500000    13.000000      81408
  145.500000    12.500000      81409
  145.000000    12.500000      81410
  144.500000    12.500000      81411
  144.000000    12.500000      81412
  144.000000    13.000000      81413
  144.000000    13.500000      81414
  144.000000    14.000000      81415
  144.500000    14.000000      81416
  144.500000    14.500000      81417
  144.500000    15.000000      81418
  145.000000    15.000000      81419
  145.000000    15.500000      81420
  143.000000    16.000000      81421
  144.000000    16.000000      81422
  145.000000    16.000000      81423
  146.000000    16.000000      81424
  147.000000    16.000000      81425
  147.000000    15.000000      81426
  147.000000    14.000000      81427
  147.000000    13.000000      81428
  147.000000    12.000000      81429
  146.000000    12.000000      81430
  145.000000    12.000000      81431
  144.000000    12.000000      81432
  143.000000    12.000000      81433
  143.000000    13.000000      81434
  143.000000    14.000000      81435
  143.000000    15.000000      81436
 -168.500000   -13.500000      81501
 -168.500000   -14.000000      81502
 -168.500000   -14.500000      81503
 -168.500000   -15.000000      81504
 -169.000000   -15.000000      81505
 -169.500000   -15.000000      81506
 -170.000000   -15.000000      81507
 -170.500000   -15.000000      81508
 -171.000000   -15.000000      81509
 -171.500000   -15.000000      81510
 -171.500000   -14.500000      81511
 -171.500000   -13.500000      81512
 -171.000000   -13.500000      81513
 -170.500000   -13.500000      81514
 -170.000000   -13.500000      81515
 -169.500000   -13.500000      81516
 -169.000000   -13.500000      81517
 -174.000000   -12.000000      81518
 -173.000000   -12.000000      81519
 -172.000000   -12.000000      81520
 -171.000000   -12.000000      81521
 -170.000000   -12.000000      81522
 -169.000000   -12.000000      81523
 -168.000000   -12.000000      81524
 -168.000000   -13.000000      81525
 -168.000000   -14.000000      81526
 -168.000000   -15.000000      81527
 -168.000000   -16.000000      81528
 -169.000000   -16.000000      81529
 -170.000000   -16.000000      81530
 -171.000000   -16.000000      81531
 -172.000000   -16.000000      81532
 -173.000000   -16.000000      81533
 -174.000000   -16.000000      81534
 -174.000000   -15.000000      81535
 -174.000000   -14.000000      81536
 -174.000000   -13.000000      81537
 -170.000000   -14.500000      81538
 -170.000000   -14.000000      81539
  164.000000    14.000000      81601
  165.000000    14.000000      81602
  166.000000    14.000000      81603
  167.000000    14.000000      81604
  168.000000    14.000000      81605
  169.000000    14.000000      81606
  170.000000    14.000000      81607
  171.000000    14.000000      81608
  172.000000    14.000000      81609
  173.000000    14.000000      81610
  174.000000    14.000000      81611
  174.000000    13.000000      81612
  174.000000    12.000000      81613
  174.000000    11.000000      81614
  174.000000    10.000000      81615
  174.000000     9.000000      81616
  174.000000     8.000000      81617
  174.000000     7.000000      81618
  174.000000     6.000000      81619
  174.000000     5.000000      81620
  174.000000     4.000000      81621
  173.000000     4.000000      81622
  172.000000     4.000000      81623
  171.000000     4.000000      81624
  170.000000     4.000000      81625
  169.000000     4.000000      81626
  168.000000     4.000000      81627
  167.000000     4.000000      81628
  166.000000     4.000000      81629
  165.000000     4.000000      81630
  164.000000     4.000000      81631
  164.000000     5.000000      81632
  164.000000     6.000000      81633
  164.000000     7.000000      81634
  164.000000     8.000000      81635
  164.000000     9.000000      81636
  164.000000    10.000000      81637
  164.000000    11.000000      81638
  164.000000    12.000000      81639
  164.000000    13.000000      81640
  128.000000    24.500000      81701
  128.500000    24.500000      81702
  127.500000    25.000000      81703
  129.000000    25.000000      81704
  127.000000    25.500000      81705
  129.500000    25.500000      81706
  126.500000    26.000000      81707
  130.000000    26.000000      81708
  126.500000    26.500000      81709
  130.500000    26.500000      81710
  126.500000    27.000000      81711
  126.500000    27.500000      81712
  130.500000    27.500000      81713
  131.000000    28.000000      81714
  126.500000    28.500000      81715
  131.000000    29.000000      81716
  126.500000    29.500000      81717
  131.500000    29.500000      81718
  126.500000    30.000000      81719
  132.000000    30.000000      81720
  132.500000    30.500000      81721
  126.500000    31.000000      81722
  133.000000    31.000000      81723
  133.500000    31.500000      81724
  127.000000    32.000000      81725
  134.000000    32.000000      81726
  127.500000    32.500000      81727
  134.500000    32.500000      81728
  128.000000    33.000000      81729
  135.000000    33.000000      81730
  135.500000    33.000000      81731
  136.000000    33.000000      81732
  136.500000    33.000000      81733
  128.500000    33.500000      81734
  137.000000    33.500000      81735
  129.000000    34.000000      81736
  137.500000    34.000000      81737
  138.000000    34.000000      81738
  138.500000    34.000000      81739
  139.000000    34.000000      81740
  139.500000    34.000000      81741
  129.500000    34.500000      81742
  130.000000    34.500000      81743
  140.000000    34.500000      81744
  140.500000    34.500000      81745
  141.000000    34.500000      81746
  130.500000    35.000000      81747
  141.500000    35.000000      81748
  131.000000    35.500000      81749
  131.500000    35.500000      81750
  141.500000    35.500000      81751
  132.000000    36.000000      81752
  141.500000    36.000000      81753
  132.500000    36.500000      81754
  133.000000    36.500000      81755
  133.500000    36.500000      81756
  134.000000    36.500000      81757
  134.500000    36.500000      81758
  135.000000    36.500000      81759
  141.500000    36.500000      81760
  135.500000    37.000000      81761
  142.000000    37.000000      81762
  136.000000    37.500000      81763
  142.000000    37.500000      81764
  136.500000    38.000000      81765
  137.000000    38.000000      81766
  137.500000    38.000000      81767
  142.000000    38.000000      81768
  137.500000    38.500000      81769
  142.500000    38.500000      81770
  138.000000    39.000000      81771
  138.500000    39.000000      81772
  143.000000    39.000000      81773
  139.000000    39.500000      81774
  143.000000    39.500000      81775
  139.000000    40.000000      81776
  143.000000    40.000000      81777
  139.000000    40.500000      81778
  143.000000    40.500000      81779
  143.000000    41.000000      81780
  139.000000    41.500000      81781
  143.500000    41.500000      81782
  139.000000    42.000000      81783
  144.000000    42.000000      81784
  144.500000    42.000000      81785
  145.000000    42.000000      81786
  139.000000    42.500000      81787
  145.500000    42.500000      81788
  139.000000    43.000000      81789
  146.000000    43.000000      81790
  139.500000    43.500000      81791
  146.000000    43.500000      81792
  140.000000    44.000000      81793
 -148.0000    56.0000    4600101
 -148.3000    56.3000    4600102
 -130.0000    42.5000    4600201
 -130.3300    42.5000    4600202
 -156.0000    52.0000    4600301
 -155.7000    51.8500    4600302
 -131.0000    46.0000    4600501
 -137.7000    40.7000    4600601
 -137.6000    40.8000    4600602
 -120.8997    34.8942    4601101
 -122.6497    37.3697    4601201
 -122.8814    37.3606    4601202
 -123.3000    38.1997    4601301
 -124.0000    39.1997    4601401
 -124.8417    42.7333    4601501
 -124.8292    42.7567    4601502
 -124.5000    40.8000    4602201
 -124.5000    40.7500    4602202
 -120.6997    34.3000    4602301
 -120.6656    34.2500    4602302
 -120.9667    34.7139    4602303
 -119.1667    32.8333    4602401
 -119.5000    32.8000    4602402
 -119.0000    33.6000    4602501
 -122.6997    37.8000    4402601
 -122.6900    37.7500    4402602
 -122.8214    37.7450    4402603
 -124.3997    41.8000    4602701
 -121.6997    35.8000    4602801
 -121.8997    35.8000    4602802
 -121.8753    35.7381    4602803
 -124.1997    46.1997    4602901
 -124.2508    46.2500    4602902
 -177.6997    57.0000    4603501
 -177.7333    57.9617    4603502
 -177.8106    57.9106    4603503
 -133.8997    48.3000    4603601
 -124.3997    41.8997    4603801
 -124.3000    44.8000    4604001
 -124.5000    47.3997    4604101
 -124.7500    47.3333    4604102
 -122.1997    36.8000    4604201
 -122.3997    36.8000    4604202
 -119.5892    32.6864    4604701
 -117.8744    32.8972    4604801
 -124.5128    44.6122    4605001
 -120.6872    34.4761    4605101
 -119.8461    34.2353    4605301
 -119.8790    34.2620    4605302
 -120.4483    34.2689    4605401
 -129.9969    34.9833    4605901
 -129.0003    34.0325    4605902
 -146.8306    60.2181    4606101
 -121.2328    35.1008    4604201
 -120.6647    34.2508    4606301
 -155.0000    52.6667    4606601
 -155.9986    52.6969    4606602
 -155.7850    52.7850    4606603
 -120.2000    33.6500    4606901
 -175.2839    55.0031    4607001
 -179.0017    51.1700    4607101
 -172.0667    52.0306    4607201
 -172.1569    52.6267    4607202
 -172.1620    51.6630    4607203
 -172.0289    54.9417    4607301
 -172.9806    54.0111    4607302
 -160.8064    53.9256    4607501
 -147.9997    59.4994    4607601
 -154.2542    57.9200    4607701
 -152.4508    56.0536    4607801
 -152.6400    56.9900    4607802
 -150.0089    58.0017    4608001
 -143.6667    59.6142    4608201
 -137.9989    58.2511    4608301
 -137.9933    58.2486    4608302
 -136.1622    56.5931    4608401
 -142.5586    55.8547    4608501
 -118.0000    32.5000    4608601
 -124.7272    48.4936    4608701
 -125.7500    45.9000    4608901
 -124.3030    44.6330    4609401
 -122.3420    36.7100    4611401
 -154.0000    23.5000    5100001
 -162.3000    23.3997    5100101
 -162.2078    23.4319    5100102
 -157.8000    17.1997    5100201
 -160.8000    19.1997    5100301
 -160.7883    19.2586    5100302
 -160.7297    19.1714    5100303
 -152.5000    17.5000    5100401
 -153.8764     0.0000    5102801
 -162.2786    23.4450    5110101
 -162.0583    23.3208    5110102
 -144.5000    13.1997    5200901
 -144.7117    13.7233    5200902
 -122.3498    36.7168    4611401
 -124.7403    40.2939    4621301
 -123.4692    37.9464    4621401
 -119.8034    34.3334    4621601
 -119.4346    34.1669    4621701
 -120.7823    34.4580    4621801
 -119.8815    33.2207    4621901
 -118.6326    33.8546    4622101
 -118.3168    33.6178    4622201
 -117.4714    33.1794    4622401
 -124.5481    43.7694    4622901
 -117.3700    32.7467    4623101
 -117.4312    32.5302    4623201
 -121.9466    36.7608    4623601
 -122.6342    37.7862    4623701
 -122.1017    36.3415    4623901
 -124.3560    40.8884    4624401
 -145.2434    49.9036    4624601
 -117.3919    32.9304    4622501
 -117.4444    32.6321    4622701
 -119.4898    33.4992    4623801
 -122.8331    37.7526    4624701
 -124.6455    46.1328    4624801
 -119.7083    33.8213    4624901
 -144.7883    13.3542    5220001
 -144.8116    13.6828    5220201
 -154.9680    19.7814    5120601
 -157.0098    20.7878    5120301
 -156.4250    21.0180    5120501
 -158.1237    21.2814    5120401
 -157.6788    21.4142    5120201
 -157.7526    21.4775    5120701
 -135.8700    50.9400    4600401
 -133.8600    48.3000    4603601
 -127.9200    49.7300    4613201
 -129.7900    52.4400    4613801
 -126.0100    48.8400    4613901
 -132.4300    54.3800    4614501
 -131.2000    51.8200    4614701
 -131.1400    53.5700    4618301
 -138.7600    53.9600    4618401
 -129.8000    52.4200    4618501
 -128.7400    51.3800    4620401
 -133.4000    54.3000    4620501
 -134.3300    54.1700    4620502
 -126.0000    48.8300    4620601
 -129.9100    50.8600    4620701
 -132.7000    52.5150    4620801
 -124.2439    46.8581    4621101
 -117.4391    33.2203    4624201
 -120.8593    35.2038    4621501
 -124.7403    40.2939    4621301
 -117.3533    32.8480    4622601
 -117.7671    33.4581    4622301
 -158.1171    21.6705    5120101
 -121.9071    36.6263    4624001
 -124.1286    46.2146    4624301
 -171.3934     7.0893    5220101
 -117.3917    33.1883    4900401
 -122.0033    36.9533    4900601
 -121.8867    36.6000    4901001
 -124.2250    40.8750    4901201
 -117.2650    32.7567    4901401
 -122.5000    37.6333    4902301
 -157.5867    21.3150    4903401
 -124.4400    43.1233    4903501
 -124.5133    43.1133    4903701
 -159.8333    22.0067    4903901
 -122.4183    36.9483    4904401
 -122.8733    37.5050    4904701
 -117.2783    32.9567    4905101
 -117.1367    32.5833    4905501
 -122.4200    37.8150    4905601
 -121.8150    36.7000    4906101
 -122.5183    37.5467    4906201
 -120.6750    34.4683    4906301
 -119.7333    33.9167    4908001
 -117.2734    32.9286    4910101
 -119.0000    33.9792    4910201
 -119.6633    33.3800    4913801
 -117.1691    32.5695    4915501
 -158.1483    21.3300    4915901
