 -159.666667    22.416667      83301
 -159.583333    22.416667      83302
 -159.500000    22.416667      83303
 -159.416667    22.416667      83304
 -159.333333    22.416667      83305
 -159.250000    22.333333      83306
 -159.166667    22.250000      83307
 -159.166667    22.166667      83308
 -159.166667    22.083333      83309
 -159.166667    22.000000      83310
 -159.166667    21.916667      83311
 -159.250000    21.833333      83312
 -159.333333    21.750000      83313
 -159.416667    21.750000      83314
 -159.500000    21.750000      83315
 -159.583333    21.750000      83316
 -159.666667    21.750000      83317
 -159.750000    21.833333      83318
 -159.833333    21.833333      83319
 -159.916667    21.833333      83320
 -159.916667    21.916667      83321
 -159.916667    22.000000      83322
 -159.916667    22.083333      83323
 -159.916667    22.166667      83324
 -160.000000    22.166667      83325
 -160.083333    22.166667      83326
 -160.166667    22.166667      83327
 -160.250000    22.083333      83328
 -160.333333    22.000000      83329
 -160.416667    21.916667      83330
 -160.416667    21.833333      83331
 -160.416667    21.750000      83332
 -160.333333    21.666667      83333
 -160.250000    21.666667      83334
 -160.166667    21.666667      83335
 -160.083333    21.666667      83336
 -160.000000    21.750000      83337
 -159.833333    22.250000      83338
 -159.750000    22.333333      83339
 -158.166667    21.833333      83340
 -158.083333    21.833333      83341
 -158.000000    21.833333      83342
 -157.916667    21.833333      83343
 -157.833333    21.833333      83344
 -157.750000    21.750000      83345
 -157.750000    21.666667      83346
 -157.666667    21.583333      83347
 -157.583333    21.500000      83348
 -157.500000    21.416667      83349
 -157.500000    21.333333      83350
 -157.500000    21.250000      83351
 -157.583333    21.166667      83352
 -157.666667    21.083333      83353
 -157.750000    21.083333      83354
 -157.833333    21.083333      83355
 -157.916667    21.083333      83356
 -158.000000    21.166667      83357
 -158.083333    21.166667      83358
 -158.166667    21.166667      83359
 -158.250000    21.250000      83360
 -158.333333    21.333333      83361
 -158.416667    21.416667      83362
 -158.416667    21.500000      83363
 -158.416667    21.583333      83364
 -158.416667    21.666667      83365
 -158.333333    21.750000      83366
 -158.250000    21.750000      83367
 -157.333333    21.333333      83368
 -157.250000    21.333333      83369
 -157.166667    21.333333      83370
 -157.083333    21.333333      83371
 -157.000000    21.333333      83372
 -156.916667    21.333333      83373
 -156.833333    21.333333      83374
 -156.750000    21.333333      83375
 -156.666667    21.333333      83376
 -156.583333    21.250000      83377
 -156.583333    21.166667      83378
 -156.500000    21.166667      83379
 -156.416667    21.083333      83380
 -156.333333    21.083333      83381
 -156.250000    21.083333      83382
 -156.166667    21.083333      83383
 -156.083333    21.000000      83384
 -156.000000    21.000000      83385
 -155.916667    20.916667      83386
 -155.833333    20.833333      83387
 -155.833333    20.750000      83388
 -155.833333    20.666667      83389
 -155.833333    20.583333      83390
 -155.916667    20.500000      83391
 -156.000000    20.500000      83392
 -156.083333    20.500000      83393
 -156.166667    20.416667      83394
 -156.250000    20.416667      83395
 -156.333333    20.416667      83396
 -156.416667    20.416667      83397
 -156.500000    20.333333      83398
 -156.583333    20.333333      83399
 -156.666667    20.333333      83400
 -156.750000    20.333333      83401
 -156.833333    20.416667      83402
 -156.833333    20.500000      83403
 -156.833333    20.583333      83404
 -156.916667    20.583333      83405
 -157.000000    20.583333      83406
 -157.083333    20.583333      83407
 -157.166667    20.666667      83408
 -157.166667    20.750000      83409
 -157.166667    20.833333      83410
 -157.166667    20.916667      83411
 -157.250000    20.916667      83412
 -157.333333    20.916667      83413
 -157.416667    21.000000      83414
 -157.416667    21.083333      83415
 -157.416667    21.166667      83416
 -157.416667    21.250000      83417
 -156.000000    20.416667      83418
 -155.916667    20.416667      83419
 -155.833333    20.416667      83420
 -155.750000    20.416667      83421
 -155.666667    20.416667      83422
 -155.583333    20.333333      83423
 -155.500000    20.333333      83424
 -155.416667    20.250000      83425
 -155.333333    20.250000      83426
 -155.250000    20.166667      83427
 -155.166667    20.166667      83428
 -155.083333    20.083333      83429
 -155.000000    20.000000      83430
 -154.916667    19.916667      83431
 -154.833333    19.833333      83432
 -154.833333    19.750000      83433
 -154.750000    19.666667      83434
 -154.666667    19.583333      83435
 -154.666667    19.500000      83436
 -154.666667    19.416667      83437
 -154.750000    19.333333      83438
 -154.833333    19.250000      83439
 -154.916667    19.166667      83440
 -155.000000    19.166667      83441
 -155.083333    19.083333      83442
 -155.166667    19.083333      83443
 -155.250000    19.083333      83444
 -155.333333    19.000000      83445
 -155.416667    19.000000      83446
 -155.416667    18.916667      83447
 -155.500000    18.833333      83448
 -155.583333    18.750000      83449
 -155.666667    18.750000      83450
 -155.750000    18.750000      83451
 -155.833333    18.833333      83452
 -155.916667    18.833333      83453
 -156.000000    18.916667      83454
 -156.083333    19.000000      83455
 -156.083333    19.083333      83456
 -156.083333    19.166667      83457
 -156.083333    19.250000      83458
 -156.083333    19.333333      83459
 -156.083333    19.416667      83460
 -156.166667    19.500000      83461
 -156.166667    19.583333      83462
 -156.250000    19.666667      83463
 -156.250000    19.750000      83464
 -156.250000    19.833333      83465
 -156.166667    19.916667      83466
 -156.083333    20.000000      83467
 -156.083333    20.083333      83468
 -156.083333    20.166667      83469
 -156.083333    20.250000      83470
 -156.083333    20.333333      83471
 -514.968000    19.781400    5120601
 -517.009800    20.787800    5120301
 -516.425000    21.018000    5120501
 -518.123700    21.281400    5120401
 -517.678800    21.414200    5120201
 -517.752600    21.477500    5120701
 -518.117100    21.670500    5120101
 -517.586700    21.315000    4903401
 -519.833300    22.006700    4903901
 -518.148300    21.330000    4915901
